Fri 21 Apr 2023 01:01:11 AM UTC: 
 tests:  1|8
total_score: 0/70
3198880
Fri 21 Apr 2023 12:58:21 PM UTC: 
 treemap.c | 48 ++++++++++++++++++++++++++++++++++++++++++++++--
 1 file changed, 46 insertions(+), 2 deletions(-)
In file included from test.c:4:
treemap.c: In function ‘insertTreeMap’:
treemap.c:53:39: error: expected expression before ‘int’
   53 |   TreeNode* nuevoNodo = createTreeMap(int (*lower_than)(void *, void *));
      |                                       ^~~
treemap.c:56:5: error: ‘map’ undeclared (first use in this function)
   56 |     map->root = nuevoNodo;
      |     ^~~
treemap.c:56:5: note: each undeclared identifier is reported only once for each function it appears in
treemap.c:63:11: error: ‘true’ undeclared (first use in this function)
   63 |     while(true){
      |           ^~~~
In file included from test.c:4:
treemap.c:5:1: note: ‘true’ is defined in header ‘<stdbool.h>’; did you forget to ‘#include <stdbool.h>’?
    4 | #include "treemap.h"
  +++ |+#include <stdbool.h>
    5 | 
In file included from test.c:4:
treemap.c:64:23: error: ‘TreeNode’ has no member named ‘key’
   64 |       if(key < current->key){//nuevo nodod debiese ir a la izq MENOR
      |                       ^~
treemap.c:66:17: error: expected expression before ‘)’ token
   66 |         else if(){
      |                 ^
treemap.c:71:28: error: ‘TreeNode’ has no member named ‘key’
   71 |       else if(key > current->key){// si nuevo nodo es MAYOR al current y clave
      |                            ^~
treemap.c:73:18: error: expected expression before ‘)’ token
   73 |         else if (){
      |                  ^
Compilation failed
7119ae9
Fri 21 Apr 2023 01:00:05 PM UTC: 
 treemap.c | 11 ++---------
 1 file changed, 2 insertions(+), 9 deletions(-)
In file included from test.c:4:
treemap.c: In function ‘createTreeMap’:
treemap.c:42:8: error: array subscript ‘TreeMap[0]’ is partly outside array bounds of ‘unsigned char[8]’ [-Werror=array-bounds]
   42 |     new->lower_than = lower_than;
      |        ^~
treemap.c:41:21: note: referencing an object of size 8 allocated by ‘malloc’
   41 |     TreeMap * new = malloc(sizeof(TreeMap*));
      |                     ^~~~~~~~~~~~~~~~~~~~~~~~
treemap.c:43:8: error: array subscript ‘TreeMap[0]’ is partly outside array bounds of ‘unsigned char[8]’ [-Werror=array-bounds]
   43 |     new->root= NULL;
      |        ^~
treemap.c:41:21: note: referencing an object of size 8 allocated by ‘malloc’
   41 |     TreeMap * new = malloc(sizeof(TreeMap*));
      |                     ^~~~~~~~~~~~~~~~~~~~~~~~
treemap.c:44:8: error: array subscript ‘TreeMap[0]’ is partly outside array bounds of ‘unsigned char[8]’ [-Werror=array-bounds]
   44 |     new->current = NULL;
      |        ^~
treemap.c:41:21: note: referencing an object of size 8 allocated by ‘malloc’
   41 |     TreeMap * new = malloc(sizeof(TreeMap*));
      |                     ^~~~~~~~~~~~~~~~~~~~~~~~
cc1: all warnings being treated as errors
Compilation failed
f81ab8b
Fri 21 Apr 2023 01:00:37 PM UTC: 
 treemap.c | 2 +-
 1 file changed, 1 insertion(+), 1 deletion(-)
In file included from test.c:4:
treemap.c: In function ‘createTreeMap’:
treemap.c:42:8: error: array subscript ‘TreeMap[0]’ is partly outside array bounds of ‘unsigned char[8]’ [-Werror=array-bounds]
   42 |     new->root= NULL;
      |        ^~
treemap.c:41:21: note: referencing an object of size 8 allocated by ‘malloc’
   41 |     TreeMap * new = malloc(sizeof(TreeMap*));
      |                     ^~~~~~~~~~~~~~~~~~~~~~~~
treemap.c:43:8: error: array subscript ‘TreeMap[0]’ is partly outside array bounds of ‘unsigned char[8]’ [-Werror=array-bounds]
   43 |     new->current = NULL;
      |        ^~
treemap.c:41:21: note: referencing an object of size 8 allocated by ‘malloc’
   41 |     TreeMap * new = malloc(sizeof(TreeMap*));
      |                     ^~~~~~~~~~~~~~~~~~~~~~~~
treemap.c:44:8: error: array subscript ‘TreeMap[0]’ is partly outside array bounds of ‘unsigned char[8]’ [-Werror=array-bounds]
   44 |     new->lower_than = lower_than;
      |        ^~
treemap.c:41:21: note: referencing an object of size 8 allocated by ‘malloc’
   41 |     TreeMap * new = malloc(sizeof(TreeMap*));
      |                     ^~~~~~~~~~~~~~~~~~~~~~~~
cc1: all warnings being treated as errors
Compilation failed
dffdc95
Fri 21 Apr 2023 01:01:08 PM UTC: 
 treemap.c | 2 +-
 1 file changed, 1 insertion(+), 1 deletion(-)
In file included from test.c:4:
treemap.c: In function ‘createTreeMap’:
treemap.c:42:8: error: array subscript ‘TreeMap[0]’ is partly outside array bounds of ‘unsigned char[8]’ [-Werror=array-bounds]
   42 |     new->root = NULL;
      |        ^~
treemap.c:41:32: note: referencing an object of size 8 allocated by ‘malloc’
   41 |     TreeMap * new = (TreeMap*) malloc(sizeof(TreeMap*));
      |                                ^~~~~~~~~~~~~~~~~~~~~~~~
treemap.c:43:8: error: array subscript ‘TreeMap[0]’ is partly outside array bounds of ‘unsigned char[8]’ [-Werror=array-bounds]
   43 |     new->current = NULL;
      |        ^~
treemap.c:41:32: note: referencing an object of size 8 allocated by ‘malloc’
   41 |     TreeMap * new = (TreeMap*) malloc(sizeof(TreeMap*));
      |                                ^~~~~~~~~~~~~~~~~~~~~~~~
treemap.c:44:8: error: array subscript ‘TreeMap[0]’ is partly outside array bounds of ‘unsigned char[8]’ [-Werror=array-bounds]
   44 |     new->lower_than = lower_than;
      |        ^~
treemap.c:41:32: note: referencing an object of size 8 allocated by ‘malloc’
   41 |     TreeMap * new = (TreeMap*) malloc(sizeof(TreeMap*));
      |                                ^~~~~~~~~~~~~~~~~~~~~~~~
cc1: all warnings being treated as errors
Compilation failed
35d7525
Fri 21 Apr 2023 01:01:40 PM UTC: 
 treemap.c | 2 +-
 1 file changed, 1 insertion(+), 1 deletion(-)
 tests:  4|7
total_score: 5/70
352999d
Fri 21 Apr 2023 01:34:15 PM UTC: 
 treemap.c | 15 +++++++++++++++
 1 file changed, 15 insertions(+)
test.c: In function ‘searchTreeMap’:
test.c:503:5: error: ‘main’ is normally a non-static function [-Werror=main]
  503 | int main( int argc, char *argv[] ) {
      |     ^~~~
test.c:606:1: error: expected declaration or statement at end of input
  606 | }
      | ^
test.c:607: error: control reaches end of non-void function [-Werror=return-type]
At top level:
test.c:503:5: error: ‘main’ defined but not used [-Werror=unused-function]
  503 | int main( int argc, char *argv[] ) {
      |     ^~~~
cc1: all warnings being treated as errors
Compilation failed
2876c9f
Fri 21 Apr 2023 01:36:20 PM UTC: 
 treemap.c | 13 ++++++-------
 1 file changed, 6 insertions(+), 7 deletions(-)
test.c: In function ‘searchTreeMap’:
test.c:503:5: error: ‘main’ is normally a non-static function [-Werror=main]
  503 | int main( int argc, char *argv[] ) {
      |     ^~~~
test.c:606:1: error: expected declaration or statement at end of input
  606 | }
      | ^
test.c:607: error: control reaches end of non-void function [-Werror=return-type]
At top level:
test.c:503:5: error: ‘main’ defined but not used [-Werror=unused-function]
  503 | int main( int argc, char *argv[] ) {
      |     ^~~~
cc1: all warnings being treated as errors
Compilation failed
3746500
Fri 21 Apr 2023 01:36:52 PM UTC: 
 treemap.c | 6 +++---
 1 file changed, 3 insertions(+), 3 deletions(-)
test.c: In function ‘searchTreeMap’:
test.c:503:5: error: ‘main’ is normally a non-static function [-Werror=main]
  503 | int main( int argc, char *argv[] ) {
      |     ^~~~
test.c:606:1: error: expected declaration or statement at end of input
  606 | }
      | ^
test.c:607: error: control reaches end of non-void function [-Werror=return-type]
At top level:
test.c:503:5: error: ‘main’ defined but not used [-Werror=unused-function]
  503 | int main( int argc, char *argv[] ) {
      |     ^~~~
cc1: all warnings being treated as errors
Compilation failed
1022831
Fri 21 Apr 2023 01:37:06 PM UTC: 
 treemap.c | 6 +++---
 1 file changed, 3 insertions(+), 3 deletions(-)
test.c: In function ‘searchTreeMap’:
test.c:503:5: error: ‘main’ is normally a non-static function [-Werror=main]
  503 | int main( int argc, char *argv[] ) {
      |     ^~~~
test.c:606:1: error: expected declaration or statement at end of input
  606 | }
      | ^
test.c:607: error: control reaches end of non-void function [-Werror=return-type]
At top level:
test.c:503:5: error: ‘main’ defined but not used [-Werror=unused-function]
  503 | int main( int argc, char *argv[] ) {
      |     ^~~~
cc1: all warnings being treated as errors
Compilation failed
9557bb5
Fri 21 Apr 2023 03:57:08 PM UTC: 
 treemap.c | 11 ++++-------
 1 file changed, 4 insertions(+), 7 deletions(-)
test.c: In function ‘searchTreeMap’:
test.c:503:5: error: ‘main’ is normally a non-static function [-Werror=main]
  503 | int main( int argc, char *argv[] ) {
      |     ^~~~
test.c:606:1: error: expected declaration or statement at end of input
  606 | }
      | ^
test.c:607: error: control reaches end of non-void function [-Werror=return-type]
At top level:
test.c:503:5: error: ‘main’ defined but not used [-Werror=unused-function]
  503 | int main( int argc, char *argv[] ) {
      |     ^~~~
cc1: all warnings being treated as errors
Compilation failed
643f2bc
Fri 21 Apr 2023 03:57:37 PM UTC: 
 treemap.c | 2 +-
 1 file changed, 1 insertion(+), 1 deletion(-)
test.c: In function ‘searchTreeMap’:
test.c:503:5: error: ‘main’ is normally a non-static function [-Werror=main]
  503 | int main( int argc, char *argv[] ) {
      |     ^~~~
test.c:606:1: error: expected declaration or statement at end of input
  606 | }
      | ^
test.c:607: error: control reaches end of non-void function [-Werror=return-type]
At top level:
test.c:503:5: error: ‘main’ defined but not used [-Werror=unused-function]
  503 | int main( int argc, char *argv[] ) {
      |     ^~~~
cc1: all warnings being treated as errors
Compilation failed
5408162
Fri 21 Apr 2023 04:00:40 PM UTC: 
 treemap.c | 4 +---
 1 file changed, 1 insertion(+), 3 deletions(-)
test.c: In function ‘searchTreeMap’:
test.c:503:5: error: ‘main’ is normally a non-static function [-Werror=main]
  503 | int main( int argc, char *argv[] ) {
      |     ^~~~
test.c:606:1: error: expected declaration or statement at end of input
  606 | }
      | ^
test.c:607: error: control reaches end of non-void function [-Werror=return-type]
At top level:
test.c:503:5: error: ‘main’ defined but not used [-Werror=unused-function]
  503 | int main( int argc, char *argv[] ) {
      |     ^~~~
cc1: all warnings being treated as errors
Compilation failed
2e03568
Fri 21 Apr 2023 04:03:52 PM UTC: 
 treemap.c | 4 ++--
 1 file changed, 2 insertions(+), 2 deletions(-)
test.c: In function ‘searchTreeMap’:
test.c:503:5: error: ‘main’ is normally a non-static function [-Werror=main]
  503 | int main( int argc, char *argv[] ) {
      |     ^~~~
test.c:606:1: error: expected declaration or statement at end of input
  606 | }
      | ^
test.c:607: error: control reaches end of non-void function [-Werror=return-type]
At top level:
test.c:503:5: error: ‘main’ defined but not used [-Werror=unused-function]
  503 | int main( int argc, char *argv[] ) {
      |     ^~~~
cc1: all warnings being treated as errors
Compilation failed
95b063b
Fri 21 Apr 2023 04:04:30 PM UTC: 
 treemap.c | 6 ++++--
 1 file changed, 4 insertions(+), 2 deletions(-)
test.c: In function ‘searchTreeMap’:
test.c:503:5: error: ‘main’ is normally a non-static function [-Werror=main]
  503 | int main( int argc, char *argv[] ) {
      |     ^~~~
test.c:606:1: error: expected declaration or statement at end of input
  606 | }
      | ^
test.c:607: error: control reaches end of non-void function [-Werror=return-type]
At top level:
test.c:503:5: error: ‘main’ defined but not used [-Werror=unused-function]
  503 | int main( int argc, char *argv[] ) {
      |     ^~~~
cc1: all warnings being treated as errors
Compilation failed
eccc07e
Fri 21 Apr 2023 04:05:43 PM UTC: 
 treemap.c | 4 ++--
 1 file changed, 2 insertions(+), 2 deletions(-)
test.c: In function ‘searchTreeMap’:
test.c:503:5: error: ‘main’ is normally a non-static function [-Werror=main]
  503 | int main( int argc, char *argv[] ) {
      |     ^~~~
test.c:606:1: error: expected declaration or statement at end of input
  606 | }
      | ^
test.c:607: error: control reaches end of non-void function [-Werror=return-type]
At top level:
test.c:503:5: error: ‘main’ defined but not used [-Werror=unused-function]
  503 | int main( int argc, char *argv[] ) {
      |     ^~~~
cc1: all warnings being treated as errors
Compilation failed
6bd16fb
Fri 21 Apr 2023 04:07:05 PM UTC: 
 treemap.c | 2 ++
 1 file changed, 2 insertions(+)
In file included from test.c:4:
treemap.c: In function ‘searchTreeMap’:
treemap.c:123:1: error: control reaches end of non-void function [-Werror=return-type]
  123 | }
      | ^
cc1: all warnings being treated as errors
Compilation failed
f987f1b
Fri 21 Apr 2023 04:07:31 PM UTC: 
 treemap.c | 2 +-
 1 file changed, 1 insertion(+), 1 deletion(-)
test.c: In function ‘searchTreeMap’:
test.c:503:5: error: ‘main’ is normally a non-static function [-Werror=main]
  503 | int main( int argc, char *argv[] ) {
      |     ^~~~
test.c:606:1: error: expected declaration or statement at end of input
  606 | }
      | ^
test.c:607: error: control reaches end of non-void function [-Werror=return-type]
At top level:
test.c:503:5: error: ‘main’ defined but not used [-Werror=unused-function]
  503 | int main( int argc, char *argv[] ) {
      |     ^~~~
cc1: all warnings being treated as errors
Compilation failed
e4bf3db
Fri 21 Apr 2023 04:09:53 PM UTC: 
 treemap.c | 4 ++--
 1 file changed, 2 insertions(+), 2 deletions(-)
test.c: In function ‘searchTreeMap’:
test.c:503:5: error: ‘main’ is normally a non-static function [-Werror=main]
  503 | int main( int argc, char *argv[] ) {
      |     ^~~~
test.c:606:1: error: expected declaration or statement at end of input
  606 | }
      | ^
test.c:607: error: control reaches end of non-void function [-Werror=return-type]
At top level:
test.c:503:5: error: ‘main’ defined but not used [-Werror=unused-function]
  503 | int main( int argc, char *argv[] ) {
      |     ^~~~
cc1: all warnings being treated as errors
Compilation failed
6d5d9c5
Fri 21 Apr 2023 04:13:31 PM UTC: 
 treemap.c | 12 +++++++-----
 1 file changed, 7 insertions(+), 5 deletions(-)
test.c: In function ‘searchTreeMap’:
test.c:503:5: error: ‘main’ is normally a non-static function [-Werror=main]
  503 | int main( int argc, char *argv[] ) {
      |     ^~~~
test.c:606:1: error: expected declaration or statement at end of input
  606 | }
      | ^
test.c:607: error: control reaches end of non-void function [-Werror=return-type]
At top level:
test.c:503:5: error: ‘main’ defined but not used [-Werror=unused-function]
  503 | int main( int argc, char *argv[] ) {
      |     ^~~~
cc1: all warnings being treated as errors
Compilation failed
9fa59f6
